<?xml version="1.0" encoding="UTF-8"?>
<testsuite name="com.matthew.rawlens.HdrPoolsTest" tests="2" skipped="0" failures="0" errors="0" timestamp="2026-09-24T11:10:59" hostname="Monikas-MacBook-Air.local" time="0.208">
  <properties/>
  <testcase name="interruptedWaitDrainsWorkerAndRestoresInterrupt" classname="com.matthew.rawlens.HdrPoolsTest" time="0.105"/>
  <testcase name="failedStripWaitsForSiblingBeforeReturningStorage" classname="com.matthew.rawlens.HdrPoolsTest" time="0.103"/>
  <system-out><![CDATA[]]></system-out>
  <system-err><![CDATA[]]></system-err>
</testsuite>
